#! /c/Source/iverilog-install/bin/vvp
:ivl_version "12.0 (devel)" "(s20150603-1539-g2693dd32b)";
:ivl_delay_selection "TYPICAL";
:vpi_time_precision + 0;
:vpi_module "C:\iverilog\lib\ivl\system.vpi";
:vpi_module "C:\iverilog\lib\ivl\vhdl_sys.vpi";
:vpi_module "C:\iverilog\lib\ivl\vhdl_textio.vpi";
:vpi_module "C:\iverilog\lib\ivl\v2005_math.vpi";
:vpi_module "C:\iverilog\lib\ivl\va_math.vpi";
S_000001f222436590 .scope module, "RegisterFile" "RegisterFile" 2 1;
 .timescale 0 0;
    .port_info 0 /INPUT 1 "clk";
    .port_info 1 /INPUT 1 "reset";
    .port_info 2 /INPUT 1 "regWrite";
    .port_info 3 /INPUT 5 "readReg1";
    .port_info 4 /INPUT 5 "readReg2";
    .port_info 5 /INPUT 5 "writeReg";
    .port_info 6 /INPUT 32 "writeData";
    .port_info 7 /OUTPUT 32 "readData1";
    .port_info 8 /OUTPUT 32 "readData2";
L_000001f222437070 .functor BUFZ 32, L_000001f222483160, C4<00000000000000000000000000000000>, C4<00000000000000000000000000000000>, C4<00000000000000000000000000000000>;
L_000001f222436e30 .functor BUFZ 32, L_000001f222482f80, C4<00000000000000000000000000000000>, C4<00000000000000000000000000000000>, C4<00000000000000000000000000000000>;
v000001f222436720_0 .net *"_ivl_0", 31 0, L_000001f222483160;  1 drivers
v000001f2224367c0_0 .net *"_ivl_10", 6 0, L_000001f222483020;  1 drivers
L_000001f2224cc590 .functor BUFT 1, C4<00>, C4<0>, C4<0>, C4<0>;
v000001f222436860_0 .net *"_ivl_13", 1 0, L_000001f2224cc590;  1 drivers
v000001f222436900_0 .net *"_ivl_2", 6 0, L_000001f2224835c0;  1 drivers
L_000001f2224cc548 .functor BUFT 1, C4<00>, C4<0>, C4<0>, C4<0>;
v000001f2224369a0_0 .net *"_ivl_5", 1 0, L_000001f2224cc548;  1 drivers
v000001f2224cbc30_0 .net *"_ivl_8", 31 0, L_000001f222482f80;  1 drivers
o000001f2224870d8 .functor BUFZ 1, C4<z>; HiZ drive
v000001f2224cbcd0_0 .net "clk", 0 0, o000001f2224870d8;  0 drivers
v000001f2224cbd70_0 .var/i "i", 31 0;
v000001f2224cbe10_0 .net "readData1", 31 0, L_000001f222437070;  1 drivers
v000001f2224cbeb0_0 .net "readData2", 31 0, L_000001f222436e30;  1 drivers
o000001f222487198 .functor BUFZ 5, C4<zzzzz>; HiZ drive
v000001f2224cc360_0 .net "readReg1", 4 0, o000001f222487198;  0 drivers
o000001f2224871c8 .functor BUFZ 5, C4<zzzzz>; HiZ drive
v000001f2224cc400_0 .net "readReg2", 4 0, o000001f2224871c8;  0 drivers
o000001f2224871f8 .functor BUFZ 1, C4<z>; HiZ drive
v000001f2224cc4a0_0 .net "regWrite", 0 0, o000001f2224871f8;  0 drivers
v000001f222483660 .array "registers", 0 31, 31 0;
o000001f222487228 .functor BUFZ 1, C4<z>; HiZ drive
v000001f222483520_0 .net "reset", 0 0, o000001f222487228;  0 drivers
o000001f222487258 .functor BUFZ 32, C4<zzzzzzzzzzzzzzzzzzzzzzzzzzzzzzzz>; HiZ drive
v000001f2224833e0_0 .net "writeData", 31 0, o000001f222487258;  0 drivers
o000001f222487288 .functor BUFZ 5, C4<zzzzz>; HiZ drive
v000001f222483700_0 .net "writeReg", 4 0, o000001f222487288;  0 drivers
E_000001f222484ab0 .event posedge, v000001f222483520_0, v000001f2224cbcd0_0;
L_000001f222483160 .array/port v000001f222483660, L_000001f2224835c0;
L_000001f2224835c0 .concat [ 5 2 0 0], o000001f222487198, L_000001f2224cc548;
L_000001f222482f80 .array/port v000001f222483660, L_000001f222483020;
L_000001f222483020 .concat [ 5 2 0 0], o000001f2224871c8, L_000001f2224cc590;
    .scope S_000001f222436590;
T_0 ;
    %wait E_000001f222484ab0;
    %load/vec4 v000001f222483520_0;
    %flag_set/vec4 8;
    %jmp/0xz  T_0.0, 8;
    %pushi/vec4 0, 0, 32;
    %store/vec4 v000001f2224cbd70_0, 0, 32;
T_0.2 ;
    %load/vec4 v000001f2224cbd70_0;
    %cmpi/s 32, 0, 32;
    %jmp/0xz T_0.3, 5;
    %pushi/vec4 0, 0, 32;
    %ix/getv/s 3, v000001f2224cbd70_0;
    %ix/load 4, 0, 0; Constant delay
    %assign/vec4/a/d v000001f222483660, 0, 4;
    %load/vec4 v000001f2224cbd70_0;
    %addi 1, 0, 32;
    %store/vec4 v000001f2224cbd70_0, 0, 32;
    %jmp T_0.2;
T_0.3 ;
    %jmp T_0.1;
T_0.0 ;
    %load/vec4 v000001f2224cc4a0_0;
    %flag_set/vec4 8;
    %jmp/0xz  T_0.4, 8;
    %load/vec4 v000001f2224833e0_0;
    %load/vec4 v000001f222483700_0;
    %pad/u 7;
    %ix/vec4 3;
    %ix/load 4, 0, 0; Constant delay
    %assign/vec4/a/d v000001f222483660, 0, 4;
T_0.4 ;
T_0.1 ;
    %jmp T_0;
    .thread T_0;
# The file index is used to find the file name in the following table.
:file_names 3;
    "N/A";
    "<interactive>";
    "components\RegisterFile.v";
